<?xml version="1.0" encoding="UTF-8"?>
<!-- Generated by org.testng.reporters.JUnitReportReporter -->
<testsuite hostname="DESKTOP-IVS0SS3" failures="0" tests="4" name="Groups.GroupTest" time="0.010" errors="0" timestamp="2024-11-01T07:06:01 IST" skipped="0">
  <testcase classname="Groups.GroupTest" name="test2" time="0.000"/>
  <system-out/>
  <testcase classname="Groups.GroupTest" name="test3" time="0.000"/>
  <system-out/>
  <testcase classname="Groups.GroupTest" name="test4" time="0.000"/>
  <system-out/>
  <testcase classname="Groups.GroupTest" name="test1" time="0.010"/>
  <system-out/>
</testsuite> <!-- Groups.GroupTest -->
